<?xml version="1.0" encoding="UTF-8"?>
<testng-results ignored="0" total="2" passed="2" failed="0" skipped="0">
  <reporter-output>
  </reporter-output>
  <suite started-at="2024-05-31T22:46:33 IST" name="Default suite" finished-at="2024-05-31T22:46:34 IST" duration-ms="35">
    <groups>
    </groups>
    <test started-at="2024-05-31T22:46:33 IST" name="Default test" finished-at="2024-05-31T22:46:34 IST" duration-ms="35">
      <class name="package3.ProductTest">
        <test-method signature="createProductTest()[pri:0, instance:package3.ProductTest@65f095f8]" started-at="2024-05-31T22:46:34 IST" name="createProductTest" finished-at="2024-05-31T22:46:34 IST" duration-ms="8" status="PASS">
          <reporter-output>
          </reporter-output>
        </test-method> <!-- createProductTest -->
        <test-method signature="createProductWithPhnNoTest()[pri:0, instance:package3.ProductTest@65f095f8]" started-at="2024-05-31T22:46:34 IST" name="createProductWithPhnNoTest" finished-at="2024-05-31T22:46:34 IST" duration-ms="3" status="PASS">
          <reporter-output>
          </reporter-output>
        </test-method> <!-- createProductWithPhnNoTest -->
      </class> <!-- package3.ProductTest -->
    </test> <!-- Default test -->
  </suite> <!-- Default suite -->
</testng-results>
